

Processing PagesController#pi (for 127.0.0.1 at 2011-03-14 11:00:13) [GET]
Rendering pages/pi
Completed in 66ms (View: 63, DB: 0) | 200 OK [http://localhost/pi]


Processing PagesController#pi (for 127.0.0.1 at 2011-03-14 11:05:42) [GET]
Rendering pages/pi
Completed in 45ms (View: 1, DB: 0) | 200 OK [http://localhost/pi]


Processing ApplicationController#index (for 127.0.0.1 at 2011-03-14 11:05:44) [GET]

ActionController::RoutingError (No route matches "/" with {:method=>:get}):
  /home/paul/.rvm/rubies/ruby-1.8.7-p249/lib/ruby/1.8/webrick/httpserver.rb:104:in `service'
  /home/paul/.rvm/rubies/ruby-1.8.7-p249/lib/ruby/1.8/webrick/httpserver.rb:65:in `run'
  /home/paul/.rvm/rubies/ruby-1.8.7-p249/lib/ruby/1.8/webrick/server.rb:173:in `start_thread'
  /home/paul/.rvm/rubies/ruby-1.8.7-p249/lib/ruby/1.8/webrick/server.rb:162:in `start'
  /home/paul/.rvm/rubies/ruby-1.8.7-p249/lib/ruby/1.8/webrick/server.rb:162:in `start_thread'
  /home/paul/.rvm/rubies/ruby-1.8.7-p249/lib/ruby/1.8/webrick/server.rb:95:in `start'
  /home/paul/.rvm/rubies/ruby-1.8.7-p249/lib/ruby/1.8/webrick/server.rb:92:in `each'
  /home/paul/.rvm/rubies/ruby-1.8.7-p249/lib/ruby/1.8/webrick/server.rb:92:in `start'
  /home/paul/.rvm/rubies/ruby-1.8.7-p249/lib/ruby/1.8/webrick/server.rb:23:in `start'
  /home/paul/.rvm/rubies/ruby-1.8.7-p249/lib/ruby/1.8/webrick/server.rb:82:in `start'

Rendering rescues/layout (not_found)


Processing PagesController#home (for 127.0.0.1 at 2011-03-14 11:09:01) [GET]

ActionController::UnknownAction (No action responded to home. Actions: pi):
  /home/paul/.rvm/rubies/ruby-1.8.7-p249/lib/ruby/1.8/webrick/httpserver.rb:104:in `service'
  /home/paul/.rvm/rubies/ruby-1.8.7-p249/lib/ruby/1.8/webrick/httpserver.rb:65:in `run'
  /home/paul/.rvm/rubies/ruby-1.8.7-p249/lib/ruby/1.8/webrick/server.rb:173:in `start_thread'
  /home/paul/.rvm/rubies/ruby-1.8.7-p249/lib/ruby/1.8/webrick/server.rb:162:in `start'
  /home/paul/.rvm/rubies/ruby-1.8.7-p249/lib/ruby/1.8/webrick/server.rb:162:in `start_thread'
  /home/paul/.rvm/rubies/ruby-1.8.7-p249/lib/ruby/1.8/webrick/server.rb:95:in `start'
  /home/paul/.rvm/rubies/ruby-1.8.7-p249/lib/ruby/1.8/webrick/server.rb:92:in `each'
  /home/paul/.rvm/rubies/ruby-1.8.7-p249/lib/ruby/1.8/webrick/server.rb:92:in `start'
  /home/paul/.rvm/rubies/ruby-1.8.7-p249/lib/ruby/1.8/webrick/server.rb:23:in `start'
  /home/paul/.rvm/rubies/ruby-1.8.7-p249/lib/ruby/1.8/webrick/server.rb:82:in `start'

Rendering rescues/layout (not_found)


Processing PagesController#home (for 127.0.0.1 at 2011-03-14 11:09:02) [GET]

ActionController::UnknownAction (No action responded to home. Actions: pi):
  /home/paul/.rvm/rubies/ruby-1.8.7-p249/lib/ruby/1.8/webrick/httpserver.rb:104:in `service'
  /home/paul/.rvm/rubies/ruby-1.8.7-p249/lib/ruby/1.8/webrick/httpserver.rb:65:in `run'
  /home/paul/.rvm/rubies/ruby-1.8.7-p249/lib/ruby/1.8/webrick/server.rb:173:in `start_thread'
  /home/paul/.rvm/rubies/ruby-1.8.7-p249/lib/ruby/1.8/webrick/server.rb:162:in `start'
  /home/paul/.rvm/rubies/ruby-1.8.7-p249/lib/ruby/1.8/webrick/server.rb:162:in `start_thread'
  /home/paul/.rvm/rubies/ruby-1.8.7-p249/lib/ruby/1.8/webrick/server.rb:95:in `start'
  /home/paul/.rvm/rubies/ruby-1.8.7-p249/lib/ruby/1.8/webrick/server.rb:92:in `each'
  /home/paul/.rvm/rubies/ruby-1.8.7-p249/lib/ruby/1.8/webrick/server.rb:92:in `start'
  /home/paul/.rvm/rubies/ruby-1.8.7-p249/lib/ruby/1.8/webrick/server.rb:23:in `start'
  /home/paul/.rvm/rubies/ruby-1.8.7-p249/lib/ruby/1.8/webrick/server.rb:82:in `start'

Rendering rescues/layout (not_found)


Processing PagesController## (for 127.0.0.1 at 2011-03-14 11:09:21) [GET]

ActionController::UnknownAction (No action responded to #. Actions: pi):
  /home/paul/.rvm/rubies/ruby-1.8.7-p249/lib/ruby/1.8/webrick/httpserver.rb:104:in `service'
  /home/paul/.rvm/rubies/ruby-1.8.7-p249/lib/ruby/1.8/webrick/httpserver.rb:65:in `run'
  /home/paul/.rvm/rubies/ruby-1.8.7-p249/lib/ruby/1.8/webrick/server.rb:173:in `start_thread'
  /home/paul/.rvm/rubies/ruby-1.8.7-p249/lib/ruby/1.8/webrick/server.rb:162:in `start'
  /home/paul/.rvm/rubies/ruby-1.8.7-p249/lib/ruby/1.8/webrick/server.rb:162:in `start_thread'
  /home/paul/.rvm/rubies/ruby-1.8.7-p249/lib/ruby/1.8/webrick/server.rb:95:in `start'
  /home/paul/.rvm/rubies/ruby-1.8.7-p249/lib/ruby/1.8/webrick/server.rb:92:in `each'
  /home/paul/.rvm/rubies/ruby-1.8.7-p249/lib/ruby/1.8/webrick/server.rb:92:in `start'
  /home/paul/.rvm/rubies/ruby-1.8.7-p249/lib/ruby/1.8/webrick/server.rb:23:in `start'
  /home/paul/.rvm/rubies/ruby-1.8.7-p249/lib/ruby/1.8/webrick/server.rb:82:in `start'

Rendering rescues/layout (not_found)


Processing PagesController## (for 127.0.0.1 at 2011-03-14 11:09:21) [GET]

ActionController::UnknownAction (No action responded to #. Actions: pi):
  /home/paul/.rvm/rubies/ruby-1.8.7-p249/lib/ruby/1.8/webrick/httpserver.rb:104:in `service'
  /home/paul/.rvm/rubies/ruby-1.8.7-p249/lib/ruby/1.8/webrick/httpserver.rb:65:in `run'
  /home/paul/.rvm/rubies/ruby-1.8.7-p249/lib/ruby/1.8/webrick/server.rb:173:in `start_thread'
  /home/paul/.rvm/rubies/ruby-1.8.7-p249/lib/ruby/1.8/webrick/server.rb:162:in `start'
  /home/paul/.rvm/rubies/ruby-1.8.7-p249/lib/ruby/1.8/webrick/server.rb:162:in `start_thread'
  /home/paul/.rvm/rubies/ruby-1.8.7-p249/lib/ruby/1.8/webrick/server.rb:95:in `start'
  /home/paul/.rvm/rubies/ruby-1.8.7-p249/lib/ruby/1.8/webrick/server.rb:92:in `each'
  /home/paul/.rvm/rubies/ruby-1.8.7-p249/lib/ruby/1.8/webrick/server.rb:92:in `start'
  /home/paul/.rvm/rubies/ruby-1.8.7-p249/lib/ruby/1.8/webrick/server.rb:23:in `start'
  /home/paul/.rvm/rubies/ruby-1.8.7-p249/lib/ruby/1.8/webrick/server.rb:82:in `start'

Rendering rescues/layout (not_found)


Processing PagesController## (for 127.0.0.1 at 2011-03-14 11:09:22) [GET]

ActionController::UnknownAction (No action responded to #. Actions: pi):
  /home/paul/.rvm/rubies/ruby-1.8.7-p249/lib/ruby/1.8/webrick/httpserver.rb:104:in `service'
  /home/paul/.rvm/rubies/ruby-1.8.7-p249/lib/ruby/1.8/webrick/httpserver.rb:65:in `run'
  /home/paul/.rvm/rubies/ruby-1.8.7-p249/lib/ruby/1.8/webrick/server.rb:173:in `start_thread'
  /home/paul/.rvm/rubies/ruby-1.8.7-p249/lib/ruby/1.8/webrick/server.rb:162:in `start'
  /home/paul/.rvm/rubies/ruby-1.8.7-p249/lib/ruby/1.8/webrick/server.rb:162:in `start_thread'
  /home/paul/.rvm/rubies/ruby-1.8.7-p249/lib/ruby/1.8/webrick/server.rb:95:in `start'
  /home/paul/.rvm/rubies/ruby-1.8.7-p249/lib/ruby/1.8/webrick/server.rb:92:in `each'
  /home/paul/.rvm/rubies/ruby-1.8.7-p249/lib/ruby/1.8/webrick/server.rb:92:in `start'
  /home/paul/.rvm/rubies/ruby-1.8.7-p249/lib/ruby/1.8/webrick/server.rb:23:in `start'
  /home/paul/.rvm/rubies/ruby-1.8.7-p249/lib/ruby/1.8/webrick/server.rb:82:in `start'

Rendering rescues/layout (not_found)


Processing PagesController## (for 127.0.0.1 at 2011-03-14 11:09:22) [GET]

ActionController::UnknownAction (No action responded to #. Actions: pi):
  /home/paul/.rvm/rubies/ruby-1.8.7-p249/lib/ruby/1.8/webrick/httpserver.rb:104:in `service'
  /home/paul/.rvm/rubies/ruby-1.8.7-p249/lib/ruby/1.8/webrick/httpserver.rb:65:in `run'
  /home/paul/.rvm/rubies/ruby-1.8.7-p249/lib/ruby/1.8/webrick/server.rb:173:in `start_thread'
  /home/paul/.rvm/rubies/ruby-1.8.7-p249/lib/ruby/1.8/webrick/server.rb:162:in `start'
  /home/paul/.rvm/rubies/ruby-1.8.7-p249/lib/ruby/1.8/webrick/server.rb:162:in `start_thread'
  /home/paul/.rvm/rubies/ruby-1.8.7-p249/lib/ruby/1.8/webrick/server.rb:95:in `start'
  /home/paul/.rvm/rubies/ruby-1.8.7-p249/lib/ruby/1.8/webrick/server.rb:92:in `each'
  /home/paul/.rvm/rubies/ruby-1.8.7-p249/lib/ruby/1.8/webrick/server.rb:92:in `start'
  /home/paul/.rvm/rubies/ruby-1.8.7-p249/lib/ruby/1.8/webrick/server.rb:23:in `start'
  /home/paul/.rvm/rubies/ruby-1.8.7-p249/lib/ruby/1.8/webrick/server.rb:82:in `start'

Rendering rescues/layout (not_found)


Processing PagesController## (for 127.0.0.1 at 2011-03-14 11:09:22) [GET]

ActionController::UnknownAction (No action responded to #. Actions: pi):
  /home/paul/.rvm/rubies/ruby-1.8.7-p249/lib/ruby/1.8/webrick/httpserver.rb:104:in `service'
  /home/paul/.rvm/rubies/ruby-1.8.7-p249/lib/ruby/1.8/webrick/httpserver.rb:65:in `run'
  /home/paul/.rvm/rubies/ruby-1.8.7-p249/lib/ruby/1.8/webrick/server.rb:173:in `start_thread'
  /home/paul/.rvm/rubies/ruby-1.8.7-p249/lib/ruby/1.8/webrick/server.rb:162:in `start'
  /home/paul/.rvm/rubies/ruby-1.8.7-p249/lib/ruby/1.8/webrick/server.rb:162:in `start_thread'
  /home/paul/.rvm/rubies/ruby-1.8.7-p249/lib/ruby/1.8/webrick/server.rb:95:in `start'
  /home/paul/.rvm/rubies/ruby-1.8.7-p249/lib/ruby/1.8/webrick/server.rb:92:in `each'
  /home/paul/.rvm/rubies/ruby-1.8.7-p249/lib/ruby/1.8/webrick/server.rb:92:in `start'
  /home/paul/.rvm/rubies/ruby-1.8.7-p249/lib/ruby/1.8/webrick/server.rb:23:in `start'
  /home/paul/.rvm/rubies/ruby-1.8.7-p249/lib/ruby/1.8/webrick/server.rb:82:in `start'

Rendering rescues/layout (not_found)


Processing PagesController#pi (for 127.0.0.1 at 2011-03-14 11:10:20) [GET]
Rendering pages/pi
Completed in 2ms (View: 1, DB: 0) | 200 OK [http://localhost/]


Processing PagesController#pi (for 127.0.0.1 at 2011-03-14 11:10:21) [GET]
Rendering pages/pi
Completed in 2ms (View: 1, DB: 0) | 200 OK [http://localhost/]


Processing PagesController#pi (for 127.0.0.1 at 2011-03-14 11:10:21) [GET]
Rendering pages/pi
Completed in 2ms (View: 1, DB: 0) | 200 OK [http://localhost/]


Processing PagesController#pi (for 127.0.0.1 at 2011-03-14 11:10:21) [GET]
Rendering pages/pi
Completed in 3ms (View: 1, DB: 0) | 200 OK [http://localhost/]


Processing PagesController#pi (for 127.0.0.1 at 2011-03-14 11:14:31) [GET]
Rendering pages/pi
Completed in 43ms (View: 42, DB: 0) | 200 OK [http://localhost/]


Processing PagesController#pi (for 127.0.0.1 at 2011-03-14 11:17:38) [GET]
Rendering pages/pi
Completed in 6ms (View: 4, DB: 0) | 200 OK [http://localhost/]


Processing PagesController#pi (for 127.0.0.1 at 2011-03-14 11:17:39) [GET]
Rendering pages/pi
Completed in 2ms (View: 1, DB: 0) | 200 OK [http://localhost/]


Processing PagesController#pi (for 127.0.0.1 at 2011-03-14 11:20:41) [GET]
Rendering template within layouts/application
Rendering pages/pi

ActionView::TemplateError (undefined local variable or method `title' for #<ActionView::Base:0xb730c520>) on line #6 of app/views/layouts/application.html.erb:
3:   "http://www.w3.org/TR/xhtml1/DTD/xhtml1-strict.dtd">
4: <html lang="en" xml:lang="en" xmlns="http://www.w3.org/1999/xhtml">
5:   <head>
6:     <title><%= title %></title>
7:     <%= render "layouts/stylesheets" %>
8:   </head>
9:   <body>

    app/views/layouts/application.html.erb:6
    /home/paul/.rvm/rubies/ruby-1.8.7-p249/lib/ruby/1.8/webrick/httpserver.rb:104:in `service'
    /home/paul/.rvm/rubies/ruby-1.8.7-p249/lib/ruby/1.8/webrick/httpserver.rb:65:in `run'
    /home/paul/.rvm/rubies/ruby-1.8.7-p249/lib/ruby/1.8/webrick/server.rb:173:in `start_thread'
    /home/paul/.rvm/rubies/ruby-1.8.7-p249/lib/ruby/1.8/webrick/server.rb:162:in `start'
    /home/paul/.rvm/rubies/ruby-1.8.7-p249/lib/ruby/1.8/webrick/server.rb:162:in `start_thread'
    /home/paul/.rvm/rubies/ruby-1.8.7-p249/lib/ruby/1.8/webrick/server.rb:95:in `start'
    /home/paul/.rvm/rubies/ruby-1.8.7-p249/lib/ruby/1.8/webrick/server.rb:92:in `each'
    /home/paul/.rvm/rubies/ruby-1.8.7-p249/lib/ruby/1.8/webrick/server.rb:92:in `start'
    /home/paul/.rvm/rubies/ruby-1.8.7-p249/lib/ruby/1.8/webrick/server.rb:23:in `start'
    /home/paul/.rvm/rubies/ruby-1.8.7-p249/lib/ruby/1.8/webrick/server.rb:82:in `start'

Rendered rescues/_trace (45.5ms)
Rendered rescues/_request_and_response (1.4ms)
Rendering rescues/layout (internal_server_error)


Processing PagesController#pi (for 127.0.0.1 at 2011-03-14 11:20:42) [GET]
Rendering template within layouts/application
Rendering pages/pi

ActionView::TemplateError (undefined local variable or method `title' for #<ActionView::Base:0xb6d2c7cc>) on line #6 of app/views/layouts/application.html.erb:
3:   "http://www.w3.org/TR/xhtml1/DTD/xhtml1-strict.dtd">
4: <html lang="en" xml:lang="en" xmlns="http://www.w3.org/1999/xhtml">
5:   <head>
6:     <title><%= title %></title>
7:     <%= render "layouts/stylesheets" %>
8:   </head>
9:   <body>

    app/views/layouts/application.html.erb:6
    /home/paul/.rvm/rubies/ruby-1.8.7-p249/lib/ruby/1.8/webrick/httpserver.rb:104:in `service'
    /home/paul/.rvm/rubies/ruby-1.8.7-p249/lib/ruby/1.8/webrick/httpserver.rb:65:in `run'
    /home/paul/.rvm/rubies/ruby-1.8.7-p249/lib/ruby/1.8/webrick/server.rb:173:in `start_thread'
    /home/paul/.rvm/rubies/ruby-1.8.7-p249/lib/ruby/1.8/webrick/server.rb:162:in `start'
    /home/paul/.rvm/rubies/ruby-1.8.7-p249/lib/ruby/1.8/webrick/server.rb:162:in `start_thread'
    /home/paul/.rvm/rubies/ruby-1.8.7-p249/lib/ruby/1.8/webrick/server.rb:95:in `start'
    /home/paul/.rvm/rubies/ruby-1.8.7-p249/lib/ruby/1.8/webrick/server.rb:92:in `each'
    /home/paul/.rvm/rubies/ruby-1.8.7-p249/lib/ruby/1.8/webrick/server.rb:92:in `start'
    /home/paul/.rvm/rubies/ruby-1.8.7-p249/lib/ruby/1.8/webrick/server.rb:23:in `start'
    /home/paul/.rvm/rubies/ruby-1.8.7-p249/lib/ruby/1.8/webrick/server.rb:82:in `start'

Rendered rescues/_trace (40.3ms)
Rendered rescues/_request_and_response (0.3ms)
Rendering rescues/layout (internal_server_error)


Processing PagesController#pi (for 127.0.0.1 at 2011-03-14 11:20:59) [GET]
Rendering template within layouts/application
Rendering pages/pi

ActionView::TemplateError (Missing layout layouts/_stylesheets.erb in view path app/views) on line #6 of app/views/layouts/application.html.erb:
3:   "http://www.w3.org/TR/xhtml1/DTD/xhtml1-strict.dtd">
4: <html lang="en" xml:lang="en" xmlns="http://www.w3.org/1999/xhtml">
5:   <head>
6:     <%= render "layouts/stylesheets" %>
7:   </head>
8:   <body>
9:     <div class="container">

    app/views/layouts/application.html.erb:6
    /home/paul/.rvm/rubies/ruby-1.8.7-p249/lib/ruby/1.8/webrick/httpserver.rb:104:in `service'
    /home/paul/.rvm/rubies/ruby-1.8.7-p249/lib/ruby/1.8/webrick/httpserver.rb:65:in `run'
    /home/paul/.rvm/rubies/ruby-1.8.7-p249/lib/ruby/1.8/webrick/server.rb:173:in `start_thread'
    /home/paul/.rvm/rubies/ruby-1.8.7-p249/lib/ruby/1.8/webrick/server.rb:162:in `start'
    /home/paul/.rvm/rubies/ruby-1.8.7-p249/lib/ruby/1.8/webrick/server.rb:162:in `start_thread'
    /home/paul/.rvm/rubies/ruby-1.8.7-p249/lib/ruby/1.8/webrick/server.rb:95:in `start'
    /home/paul/.rvm/rubies/ruby-1.8.7-p249/lib/ruby/1.8/webrick/server.rb:92:in `each'
    /home/paul/.rvm/rubies/ruby-1.8.7-p249/lib/ruby/1.8/webrick/server.rb:92:in `start'
    /home/paul/.rvm/rubies/ruby-1.8.7-p249/lib/ruby/1.8/webrick/server.rb:23:in `start'
    /home/paul/.rvm/rubies/ruby-1.8.7-p249/lib/ruby/1.8/webrick/server.rb:82:in `start'

Rendered rescues/_trace (43.6ms)
Rendered rescues/_request_and_response (0.3ms)
Rendering rescues/layout (internal_server_error)


Processing PagesController#pi (for 127.0.0.1 at 2011-03-14 11:20:59) [GET]
Rendering template within layouts/application
Rendering pages/pi

ActionView::TemplateError (Missing layout layouts/_stylesheets.erb in view path app/views) on line #6 of app/views/layouts/application.html.erb:
3:   "http://www.w3.org/TR/xhtml1/DTD/xhtml1-strict.dtd">
4: <html lang="en" xml:lang="en" xmlns="http://www.w3.org/1999/xhtml">
5:   <head>
6:     <%= render "layouts/stylesheets" %>
7:   </head>
8:   <body>
9:     <div class="container">

    app/views/layouts/application.html.erb:6
    /home/paul/.rvm/rubies/ruby-1.8.7-p249/lib/ruby/1.8/webrick/httpserver.rb:104:in `service'
    /home/paul/.rvm/rubies/ruby-1.8.7-p249/lib/ruby/1.8/webrick/httpserver.rb:65:in `run'
    /home/paul/.rvm/rubies/ruby-1.8.7-p249/lib/ruby/1.8/webrick/server.rb:173:in `start_thread'
    /home/paul/.rvm/rubies/ruby-1.8.7-p249/lib/ruby/1.8/webrick/server.rb:162:in `start'
    /home/paul/.rvm/rubies/ruby-1.8.7-p249/lib/ruby/1.8/webrick/server.rb:162:in `start_thread'
    /home/paul/.rvm/rubies/ruby-1.8.7-p249/lib/ruby/1.8/webrick/server.rb:95:in `start'
    /home/paul/.rvm/rubies/ruby-1.8.7-p249/lib/ruby/1.8/webrick/server.rb:92:in `each'
    /home/paul/.rvm/rubies/ruby-1.8.7-p249/lib/ruby/1.8/webrick/server.rb:92:in `start'
    /home/paul/.rvm/rubies/ruby-1.8.7-p249/lib/ruby/1.8/webrick/server.rb:23:in `start'
    /home/paul/.rvm/rubies/ruby-1.8.7-p249/lib/ruby/1.8/webrick/server.rb:82:in `start'

Rendered rescues/_trace (103.1ms)
Rendered rescues/_request_and_response (0.3ms)
Rendering rescues/layout (internal_server_error)


Processing PagesController#pi (for 127.0.0.1 at 2011-03-14 11:21:00) [GET]
Rendering template within layouts/application
Rendering pages/pi

ActionView::TemplateError (Missing layout layouts/_stylesheets.erb in view path app/views) on line #6 of app/views/layouts/application.html.erb:
3:   "http://www.w3.org/TR/xhtml1/DTD/xhtml1-strict.dtd">
4: <html lang="en" xml:lang="en" xmlns="http://www.w3.org/1999/xhtml">
5:   <head>
6:     <%= render "layouts/stylesheets" %>
7:   </head>
8:   <body>
9:     <div class="container">

    app/views/layouts/application.html.erb:6
    /home/paul/.rvm/rubies/ruby-1.8.7-p249/lib/ruby/1.8/webrick/httpserver.rb:104:in `service'
    /home/paul/.rvm/rubies/ruby-1.8.7-p249/lib/ruby/1.8/webrick/httpserver.rb:65:in `run'
    /home/paul/.rvm/rubies/ruby-1.8.7-p249/lib/ruby/1.8/webrick/server.rb:173:in `start_thread'
    /home/paul/.rvm/rubies/ruby-1.8.7-p249/lib/ruby/1.8/webrick/server.rb:162:in `start'
    /home/paul/.rvm/rubies/ruby-1.8.7-p249/lib/ruby/1.8/webrick/server.rb:162:in `start_thread'
    /home/paul/.rvm/rubies/ruby-1.8.7-p249/lib/ruby/1.8/webrick/server.rb:95:in `start'
    /home/paul/.rvm/rubies/ruby-1.8.7-p249/lib/ruby/1.8/webrick/server.rb:92:in `each'
    /home/paul/.rvm/rubies/ruby-1.8.7-p249/lib/ruby/1.8/webrick/server.rb:92:in `start'
    /home/paul/.rvm/rubies/ruby-1.8.7-p249/lib/ruby/1.8/webrick/server.rb:23:in `start'
    /home/paul/.rvm/rubies/ruby-1.8.7-p249/lib/ruby/1.8/webrick/server.rb:82:in `start'

Rendered rescues/_trace (42.8ms)
Rendered rescues/_request_and_response (0.3ms)
Rendering rescues/layout (internal_server_error)


Processing PagesController#pi (for 127.0.0.1 at 2011-03-14 11:21:00) [GET]
Rendering template within layouts/application
Rendering pages/pi

ActionView::TemplateError (Missing layout layouts/_stylesheets.erb in view path app/views) on line #6 of app/views/layouts/application.html.erb:
3:   "http://www.w3.org/TR/xhtml1/DTD/xhtml1-strict.dtd">
4: <html lang="en" xml:lang="en" xmlns="http://www.w3.org/1999/xhtml">
5:   <head>
6:     <%= render "layouts/stylesheets" %>
7:   </head>
8:   <body>
9:     <div class="container">

    app/views/layouts/application.html.erb:6
    /home/paul/.rvm/rubies/ruby-1.8.7-p249/lib/ruby/1.8/webrick/httpserver.rb:104:in `service'
    /home/paul/.rvm/rubies/ruby-1.8.7-p249/lib/ruby/1.8/webrick/httpserver.rb:65:in `run'
    /home/paul/.rvm/rubies/ruby-1.8.7-p249/lib/ruby/1.8/webrick/server.rb:173:in `start_thread'
    /home/paul/.rvm/rubies/ruby-1.8.7-p249/lib/ruby/1.8/webrick/server.rb:162:in `start'
    /home/paul/.rvm/rubies/ruby-1.8.7-p249/lib/ruby/1.8/webrick/server.rb:162:in `start_thread'
    /home/paul/.rvm/rubies/ruby-1.8.7-p249/lib/ruby/1.8/webrick/server.rb:95:in `start'
    /home/paul/.rvm/rubies/ruby-1.8.7-p249/lib/ruby/1.8/webrick/server.rb:92:in `each'
    /home/paul/.rvm/rubies/ruby-1.8.7-p249/lib/ruby/1.8/webrick/server.rb:92:in `start'
    /home/paul/.rvm/rubies/ruby-1.8.7-p249/lib/ruby/1.8/webrick/server.rb:23:in `start'
    /home/paul/.rvm/rubies/ruby-1.8.7-p249/lib/ruby/1.8/webrick/server.rb:82:in `start'

Rendered rescues/_trace (44.9ms)
Rendered rescues/_request_and_response (0.3ms)
Rendering rescues/layout (internal_server_error)


Processing PagesController#pi (for 127.0.0.1 at 2011-03-14 11:22:29) [GET]
Rendering template within layouts/application
Rendering pages/pi
Rendered layouts/_stylesheets (1.3ms)
Completed in 9ms (View: 8, DB: 0) | 200 OK [http://localhost/]


Processing ApplicationController#index (for 127.0.0.1 at 2011-03-14 11:22:29) [GET]

ActionController::RoutingError (No route matches "/stylesheets/blueprint/screen.css" with {:method=>:get}):
  /home/paul/.rvm/rubies/ruby-1.8.7-p249/lib/ruby/1.8/webrick/httpserver.rb:104:in `service'
  /home/paul/.rvm/rubies/ruby-1.8.7-p249/lib/ruby/1.8/webrick/httpserver.rb:65:in `run'
  /home/paul/.rvm/rubies/ruby-1.8.7-p249/lib/ruby/1.8/webrick/server.rb:173:in `start_thread'
  /home/paul/.rvm/rubies/ruby-1.8.7-p249/lib/ruby/1.8/webrick/server.rb:162:in `start'
  /home/paul/.rvm/rubies/ruby-1.8.7-p249/lib/ruby/1.8/webrick/server.rb:162:in `start_thread'
  /home/paul/.rvm/rubies/ruby-1.8.7-p249/lib/ruby/1.8/webrick/server.rb:95:in `start'
  /home/paul/.rvm/rubies/ruby-1.8.7-p249/lib/ruby/1.8/webrick/server.rb:92:in `each'
  /home/paul/.rvm/rubies/ruby-1.8.7-p249/lib/ruby/1.8/webrick/server.rb:92:in `start'
  /home/paul/.rvm/rubies/ruby-1.8.7-p249/lib/ruby/1.8/webrick/server.rb:23:in `start'
  /home/paul/.rvm/rubies/ruby-1.8.7-p249/lib/ruby/1.8/webrick/server.rb:82:in `start'

Rendering rescues/layout (not_found)


Processing ApplicationController#index (for 127.0.0.1 at 2011-03-14 11:22:29) [GET]

ActionController::RoutingError (No route matches "/stylesheets/blueprint/print.css" with {:method=>:get}):
  /home/paul/.rvm/rubies/ruby-1.8.7-p249/lib/ruby/1.8/webrick/httpserver.rb:104:in `service'
  /home/paul/.rvm/rubies/ruby-1.8.7-p249/lib/ruby/1.8/webrick/httpserver.rb:65:in `run'
  /home/paul/.rvm/rubies/ruby-1.8.7-p249/lib/ruby/1.8/webrick/server.rb:173:in `start_thread'
  /home/paul/.rvm/rubies/ruby-1.8.7-p249/lib/ruby/1.8/webrick/server.rb:162:in `start'
  /home/paul/.rvm/rubies/ruby-1.8.7-p249/lib/ruby/1.8/webrick/server.rb:162:in `start_thread'
  /home/paul/.rvm/rubies/ruby-1.8.7-p249/lib/ruby/1.8/webrick/server.rb:95:in `start'
  /home/paul/.rvm/rubies/ruby-1.8.7-p249/lib/ruby/1.8/webrick/server.rb:92:in `each'
  /home/paul/.rvm/rubies/ruby-1.8.7-p249/lib/ruby/1.8/webrick/server.rb:92:in `start'
  /home/paul/.rvm/rubies/ruby-1.8.7-p249/lib/ruby/1.8/webrick/server.rb:23:in `start'
  /home/paul/.rvm/rubies/ruby-1.8.7-p249/lib/ruby/1.8/webrick/server.rb:82:in `start'

Rendering rescues/layout (not_found)


Processing ApplicationController#index (for 127.0.0.1 at 2011-03-14 11:22:29) [GET]

ActionController::RoutingError (No route matches "/stylesheets/prettyPhoto.css" with {:method=>:get}):
  /home/paul/.rvm/rubies/ruby-1.8.7-p249/lib/ruby/1.8/webrick/httpserver.rb:104:in `service'
  /home/paul/.rvm/rubies/ruby-1.8.7-p249/lib/ruby/1.8/webrick/httpserver.rb:65:in `run'
  /home/paul/.rvm/rubies/ruby-1.8.7-p249/lib/ruby/1.8/webrick/server.rb:173:in `start_thread'
  /home/paul/.rvm/rubies/ruby-1.8.7-p249/lib/ruby/1.8/webrick/server.rb:162:in `start'
  /home/paul/.rvm/rubies/ruby-1.8.7-p249/lib/ruby/1.8/webrick/server.rb:162:in `start_thread'
  /home/paul/.rvm/rubies/ruby-1.8.7-p249/lib/ruby/1.8/webrick/server.rb:95:in `start'
  /home/paul/.rvm/rubies/ruby-1.8.7-p249/lib/ruby/1.8/webrick/server.rb:92:in `each'
  /home/paul/.rvm/rubies/ruby-1.8.7-p249/lib/ruby/1.8/webrick/server.rb:92:in `start'
  /home/paul/.rvm/rubies/ruby-1.8.7-p249/lib/ruby/1.8/webrick/server.rb:23:in `start'
  /home/paul/.rvm/rubies/ruby-1.8.7-p249/lib/ruby/1.8/webrick/server.rb:82:in `start'

Rendering rescues/layout (not_found)


Processing PagesController#pi (for 127.0.0.1 at 2011-03-14 11:22:30) [GET]
Rendering template within layouts/application
Rendering pages/pi
Rendered layouts/_stylesheets (0.5ms)
Completed in 3ms (View: 2, DB: 0) | 200 OK [http://localhost/]


Processing ApplicationController#index (for 127.0.0.1 at 2011-03-14 11:22:30) [GET]

ActionController::RoutingError (No route matches "/stylesheets/blueprint/screen.css" with {:method=>:get}):
  /home/paul/.rvm/rubies/ruby-1.8.7-p249/lib/ruby/1.8/webrick/httpserver.rb:104:in `service'
  /home/paul/.rvm/rubies/ruby-1.8.7-p249/lib/ruby/1.8/webrick/httpserver.rb:65:in `run'
  /home/paul/.rvm/rubies/ruby-1.8.7-p249/lib/ruby/1.8/webrick/server.rb:173:in `start_thread'
  /home/paul/.rvm/rubies/ruby-1.8.7-p249/lib/ruby/1.8/webrick/server.rb:162:in `start'
  /home/paul/.rvm/rubies/ruby-1.8.7-p249/lib/ruby/1.8/webrick/server.rb:162:in `start_thread'
  /home/paul/.rvm/rubies/ruby-1.8.7-p249/lib/ruby/1.8/webrick/server.rb:95:in `start'
  /home/paul/.rvm/rubies/ruby-1.8.7-p249/lib/ruby/1.8/webrick/server.rb:92:in `each'
  /home/paul/.rvm/rubies/ruby-1.8.7-p249/lib/ruby/1.8/webrick/server.rb:92:in `start'
  /home/paul/.rvm/rubies/ruby-1.8.7-p249/lib/ruby/1.8/webrick/server.rb:23:in `start'
  /home/paul/.rvm/rubies/ruby-1.8.7-p249/lib/ruby/1.8/webrick/server.rb:82:in `start'

Rendering rescues/layout (not_found)


Processing ApplicationController#index (for 127.0.0.1 at 2011-03-14 11:22:30) [GET]

ActionController::RoutingError (No route matches "/stylesheets/blueprint/print.css" with {:method=>:get}):
  /home/paul/.rvm/rubies/ruby-1.8.7-p249/lib/ruby/1.8/webrick/httpserver.rb:104:in `service'
  /home/paul/.rvm/rubies/ruby-1.8.7-p249/lib/ruby/1.8/webrick/httpserver.rb:65:in `run'
  /home/paul/.rvm/rubies/ruby-1.8.7-p249/lib/ruby/1.8/webrick/server.rb:173:in `start_thread'
  /home/paul/.rvm/rubies/ruby-1.8.7-p249/lib/ruby/1.8/webrick/server.rb:162:in `start'
  /home/paul/.rvm/rubies/ruby-1.8.7-p249/lib/ruby/1.8/webrick/server.rb:162:in `start_thread'
  /home/paul/.rvm/rubies/ruby-1.8.7-p249/lib/ruby/1.8/webrick/server.rb:95:in `start'
  /home/paul/.rvm/rubies/ruby-1.8.7-p249/lib/ruby/1.8/webrick/server.rb:92:in `each'
  /home/paul/.rvm/rubies/ruby-1.8.7-p249/lib/ruby/1.8/webrick/server.rb:92:in `start'
  /home/paul/.rvm/rubies/ruby-1.8.7-p249/lib/ruby/1.8/webrick/server.rb:23:in `start'
  /home/paul/.rvm/rubies/ruby-1.8.7-p249/lib/ruby/1.8/webrick/server.rb:82:in `start'

Rendering rescues/layout (not_found)


Processing ApplicationController#index (for 127.0.0.1 at 2011-03-14 11:22:30) [GET]

ActionController::RoutingError (No route matches "/stylesheets/prettyPhoto.css" with {:method=>:get}):
  /home/paul/.rvm/rubies/ruby-1.8.7-p249/lib/ruby/1.8/webrick/httpserver.rb:104:in `service'
  /home/paul/.rvm/rubies/ruby-1.8.7-p249/lib/ruby/1.8/webrick/httpserver.rb:65:in `run'
  /home/paul/.rvm/rubies/ruby-1.8.7-p249/lib/ruby/1.8/webrick/server.rb:173:in `start_thread'
  /home/paul/.rvm/rubies/ruby-1.8.7-p249/lib/ruby/1.8/webrick/server.rb:162:in `start'
  /home/paul/.rvm/rubies/ruby-1.8.7-p249/lib/ruby/1.8/webrick/server.rb:162:in `start_thread'
  /home/paul/.rvm/rubies/ruby-1.8.7-p249/lib/ruby/1.8/webrick/server.rb:95:in `start'
  /home/paul/.rvm/rubies/ruby-1.8.7-p249/lib/ruby/1.8/webrick/server.rb:92:in `each'
  /home/paul/.rvm/rubies/ruby-1.8.7-p249/lib/ruby/1.8/webrick/server.rb:92:in `start'
  /home/paul/.rvm/rubies/ruby-1.8.7-p249/lib/ruby/1.8/webrick/server.rb:23:in `start'
  /home/paul/.rvm/rubies/ruby-1.8.7-p249/lib/ruby/1.8/webrick/server.rb:82:in `start'

Rendering rescues/layout (not_found)
